<?xml version="1.0" encoding="UTF-8"?>
<!-- Generated by org.testng.reporters.JUnitReportReporter -->
<testsuite hostname="DESKTOP-0UE9EKQ" failures="0" tests="12" name="testBase.LoginPageTest" time="7.059" errors="0" timestamp="2025-04-03T22:50:21 IST" skipped="2">
  <testcase classname="testBase.LoginPageTest" name="LogininVaildCrential" time="0.478"/>
  <testcase classname="testBase.LoginPageTest" name="LogininVaildCrential" time="0.898"/>
  <testcase classname="testBase.LoginPageTest" name="LogininVaildCrential" time="0.728"/>
  <testcase classname="testBase.LoginPageTest" name="LogininVaildCrential" time="0.727"/>
  <testcase classname="testBase.LoginPageTest" name="LogininVaildCrential" time="0.569"/>
  <testcase classname="testBase.LoginPageTest" name="LogininVaildCrential" time="0.901"/>
  <testcase classname="testBase.LoginPageTest" name="LogininVaildCrential" time="0.669"/>
  <testcase classname="testBase.LoginPageTest" name="LogininVaildCrential" time="0.610"/>
  <testcase classname="testBase.LoginPageTest" name="LogininVaildCrential" time="0.735"/>
  <testcase classname="testBase.LoginPageTest" name="LogininVaildCrential" time="0.744"/>
  <testcase classname="testBase.LoginPageTest" name="Login">
    <skipped/>
  </testcase> <!-- Login -->
  <testcase classname="testBase.LoginPageTest" name="LoginVaildCrential">
    <skipped/>
  </testcase> <!-- LoginVaildCrential -->
</testsuite> <!-- testBase.LoginPageTest -->
