<?xml version="1.0" encoding="UTF-8"?>
<!-- Generated by org.testng.reporters.JUnitReportReporter -->
<testsuite hostname="DESKTOP-0UE9EKQ" failures="0" tests="1" name="MyProject.saucedemo.baseClass" time="0.051" errors="0" timestamp="2025-04-03T21:03:47 IST" skipped="0">
  <testcase classname="MyProject.saucedemo.baseClass" name="browserOpenSuccessFully" time="0.051"/>
</testsuite> <!-- MyProject.saucedemo.baseClass -->
