<?xml version="1.0" encoding="UTF-8"?>
<!-- Generated by org.testng.reporters.JUnitReportReporter -->
<testsuite hostname="DESKTOP-0UE9EKQ" failures="0" tests="3" name="testBase.LoginPageTest" time="1.036" errors="0" timestamp="2025-04-05T21:19:35 IST" skipped="2">
  <testcase classname="testBase.LoginPageTest" name="Login" time="1.036"/>
  <testcase classname="testBase.LoginPageTest" name="LogininVaildCrential">
    <skipped/>
  </testcase> <!-- LogininVaildCrential -->
  <testcase classname="testBase.LoginPageTest" name="LoginVaildCrential">
    <skipped/>
  </testcase> <!-- LoginVaildCrential -->
</testsuite> <!-- testBase.LoginPageTest -->
