<?xml version="1.0" encoding="UTF-8"?>
<!-- Generated by org.testng.reporters.JUnitReportReporter -->
<testsuite hostname="DESKTOP-0UE9EKQ" failures="0" tests="1" name="testBase.LoginPageTest" time="0.947" errors="0" timestamp="2025-04-03T21:35:37 IST" skipped="0">
  <testcase classname="testBase.LoginPageTest" name="Login" time="0.947"/>
</testsuite> <!-- testBase.LoginPageTest -->
